<?xml version="1.0" encoding="UTF-8"?>
<testsuite name="com.dotsource.rechner.AdditionTest" tests="2" skipped="0" failures="0" errors="0" timestamp="2017-07-23T17:04:45" hostname="DESKTOP-HQL6R65" time="0.007">
  <properties/>
  <testcase name="addNegative" classname="com.dotsource.rechner.AdditionTest" time="0.007"/>
  <testcase name="addPositiv" classname="com.dotsource.rechner.AdditionTest" time="0.0"/>
  <system-out><![CDATA[]]></system-out>
  <system-err><![CDATA[]]></system-err>
</testsuite>
