<?xml version="1.0" encoding="UTF-8"?>
<testsuite name="com.dotsource.rechner.DivisionTest" tests="2" skipped="0" failures="0" errors="0" timestamp="2017-07-23T17:04:45" hostname="DESKTOP-HQL6R65" time="0.0">
  <properties/>
  <testcase name="testDivideByZero" classname="com.dotsource.rechner.DivisionTest" time="0.0"/>
  <testcase name="testPositiveCase" classname="com.dotsource.rechner.DivisionTest" time="0.0"/>
  <system-out><![CDATA[]]></system-out>
  <system-err><![CDATA[]]></system-err>
</testsuite>
